{
  "RSpec": {
    "coverage": {
      "/Users/kayla/ca_projects_2/rails-app/app/helpers/application_helper.rb": [
        1,
        null
      ],
      "/Users/kayla/ca_projects_2/rails-app/app/models/article.rb": [
        1,
        1,
        null
      ],
      "/Users/kayla/ca_projects_2/rails-app/app/models/application_record.rb": [
        1,
        1,
        null
      ],
      "/Users/kayla/ca_projects_2/rails-app/app/controllers/application_controller.rb": [
        1,
        null
      ],
      "/Users/kayla/ca_projects_2/rails-app/app/controllers/articles_controller.rb": [
        1,
        1,
        13,
        null,
        null,
        1,
        9,
        null,
        null,
        1,
        6,
        null,
        null,
        1,
        3,
        null,
        null,
        1,
        6,
        null,
        6,
        4,
        null,
        2,
        null,
        null,
        null,
        1,
        0,
        null,
        0,
        0,
        null,
        0,
        null,
        null,
        null,
        1,
        1,
        6,
        null,
        null
      ],
      "/Users/kayla/ca_projects_2/rails-app/app/mailers/application_mailer.rb": [
        0,
        0,
        0,
        0
      ],
      "/Users/kayla/ca_projects_2/rails-app/app/jobs/application_job.rb": [
        0,
        null,
        null,
        null,
        null,
        null,
        0
      ],
      "/Users/kayla/ca_projects_2/rails-app/app/channels/application_cable/connection.rb": [
        0,
        0,
        0,
        0
      ],
      "/Users/kayla/ca_projects_2/rails-app/app/channels/application_cable/channel.rb": [
        0,
        0,
        0,
        0
      ]
    },
    "timestamp": 1581862284
  }
}
